<?xml version="1.0" encoding="UTF-8"?>
<!-- Generated by org.testng.reporters.JUnitReportReporter -->
<testsuite hostname="MSI" failures="0" tests="4" name="com.qa.tests.DemoMathTest" time="0.022" errors="0" timestamp="2020-10-30T17:45:30 IST" skipped="0">
  <testcase classname="com.qa.tests.DemoMathTest" name="sub" time="0.001"/>
  <system-out/>
  <testcase classname="com.qa.tests.DemoMathTest" name="sum" time="0.002"/>
  <system-out/>
  <testcase classname="com.qa.tests.DemoMathTest" name="Div" time="0.017"/>
  <system-out/>
  <testcase classname="com.qa.tests.DemoMathTest" name="Mul" time="0.002"/>
  <system-out/>
</testsuite> <!-- com.qa.tests.DemoMathTest -->
