<?xml version="1.0" encoding="UTF-8"?>
<!-- Generated by org.testng.reporters.JUnitReportReporter -->
<testsuite hostname="MSI" failures="0" tests="4" name="com.qa.tests.DemoMathTest1" time="0.001" errors="0" timestamp="01 Nov 2020 15:42:28 GMT" skipped="0">
  <testcase classname="com.qa.tests.DemoMathTest1" name="sum" time="0.000"/>
  <testcase classname="com.qa.tests.DemoMathTest1" name="Mul" time="0.000"/>
  <testcase classname="com.qa.tests.DemoMathTest1" name="Div" time="0.001"/>
  <testcase classname="com.qa.tests.DemoMathTest1" name="sub" time="0.000"/>
</testsuite> <!-- com.qa.tests.DemoMathTest1 -->
